android/app/build/intermediates/manifest_merge_blame_file/release/processReleaseMainManifest/manifest-merger-blame-release-report.txt
1<?xml version="1.0" encoding="utf-8"?>
2<manifest xmlns:android="http://schemas.android.com/apk/res/android"
3    package="com.ac5dconstruction"
4    android:versionCode="1"
5    android:versionName="1.0.0" >
6
7    <uses-sdk
8        android:minSdkVersion="24"
9        android:targetSdkVersion="34" />
10
11    <uses-permission android:name="android.permission.ACCESS_COARSE_LOCATION" />
11-->src/main/AndroidManifest.xml:2:3-78
11-->src/main/AndroidManifest.xml:2:20-76
12    <uses-permission android:name="android.permission.ACCESS_FINE_LOCATION" />
12-->src/main/AndroidManifest.xml:3:3-76
12-->src/main/AndroidManifest.xml:3:20-74
13    <uses-permission android:name="android.permission.INTERNET" />
13-->src/main/AndroidManifest.xml:4:3-64
13-->src/main/AndroidManifest.xml:4:20-62
14    <uses-permission android:name="android.permission.READ_EXTERNAL_STORAGE" />
14-->src/main/AndroidManifest.xml:5:3-77
14-->src/main/AndroidManifest.xml:5:20-75
15    <uses-permission android:name="android.permission.RECORD_AUDIO" />
15-->src/main/AndroidManifest.xml:6:3-68
15-->src/main/AndroidManifest.xml:6:20-66
16    <uses-permission android:name="android.permission.SYSTEM_ALERT_WINDOW" />
16-->src/main/AndroidManifest.xml:7:3-75
16-->src/main/AndroidManifest.xml:7:20-73
17    <uses-permission android:name="android.permission.VIBRATE" />
17-->src/main/AndroidManifest.xml:8:3-63
17-->src/main/AndroidManifest.xml:8:20-61
18    <uses-permission android:name="android.permission.WRITE_EXTERNAL_STORAGE" />
18-->src/main/AndroidManifest.xml:9:3-78
18-->src/main/AndroidManifest.xml:9:20-76
19
20    <queries>
20-->src/main/AndroidManifest.xml:10:3-16:13
21        <intent>
21-->src/main/AndroidManifest.xml:11:5-15:14
22            <action android:name="android.intent.action.VIEW" />
22-->src/main/AndroidManifest.xml:12:7-58
22-->src/main/AndroidManifest.xml:12:15-56
23
24            <category android:name="android.intent.category.BROWSABLE" />
24-->src/main/AndroidManifest.xml:13:7-67
24-->src/main/AndroidManifest.xml:13:17-65
25
26            <data android:scheme="https" />
26-->src/main/AndroidManifest.xml:14:7-37
26-->src/main/AndroidManifest.xml:14:13-35
27        </intent>
28        <!-- Query open documents -->
29        <intent>
29-->[:expo-document-picker] AndroidManifest.xml:10:9-17:18
30            <action android:name="android.intent.action.OPEN_DOCUMENT" />
30-->[:expo-document-picker] AndroidManifest.xml:11:13-74
30-->[:expo-document-picker] AndroidManifest.xml:11:21-71
31
32            <category android:name="android.intent.category.DEFAULT" />
32-->src/main/AndroidManifest.xml:29:9-67
32-->src/main/AndroidManifest.xml:29:19-65
33            <category android:name="android.intent.category.OPENABLE" />
33-->[:expo-document-picker] AndroidManifest.xml:14:13-73
33-->[:expo-document-picker] AndroidManifest.xml:14:23-70
34
35            <data android:mimeType="*/*" />
35-->src/main/AndroidManifest.xml:14:7-37
36        </intent> <!-- Query open documents -->
37        <intent>
37-->[:expo-file-system] AndroidManifest.xml:15:9-17:18
38            <action android:name="android.intent.action.OPEN_DOCUMENT_TREE" />
38-->[:expo-file-system] AndroidManifest.xml:16:13-79
38-->[:expo-file-system] AndroidManifest.xml:16:21-76
39        </intent>
40        <intent>
40-->[:expo-image-picker] AndroidManifest.xml:15:9-19:18
41
42            <!-- Required for picking images from the camera roll if targeting API 30 -->
43            <action android:name="android.media.action.IMAGE_CAPTURE" />
43-->[:expo-image-picker] AndroidManifest.xml:18:13-73
43-->[:expo-image-picker] AndroidManifest.xml:18:21-70
44        </intent>
45        <intent>
45-->[:expo-image-picker] AndroidManifest.xml:20:9-24:18
46
47            <!-- Required for picking images from the camera if targeting API 30 -->
48            <action android:name="android.media.action.ACTION_VIDEO_CAPTURE" />
48-->[:expo-image-picker] AndroidManifest.xml:23:13-80
48-->[:expo-image-picker] AndroidManifest.xml:23:21-77
49        </intent>
50        <intent>
50-->[:expo-web-browser] AndroidManifest.xml:8:9-12:18
51
52            <!-- Required for opening tabs if targeting API 30 -->
53            <action android:name="android.support.customtabs.action.CustomTabsService" />
53-->[:expo-web-browser] AndroidManifest.xml:11:13-90
53-->[:expo-web-browser] AndroidManifest.xml:11:21-87
54        </intent>
55        <intent>
55-->[com.github.CanHub:Android-Image-Cropper:4.3.1] AndroidManifest.xml:10:9-16:18
56            <action android:name="android.intent.action.GET_CONTENT" />
56-->[com.github.CanHub:Android-Image-Cropper:4.3.1] AndroidManifest.xml:11:13-72
56-->[com.github.CanHub:Android-Image-Cropper:4.3.1] AndroidManifest.xml:11:21-69
57
58            <category android:name="android.intent.category.OPENABLE" />
58-->[:expo-document-picker] AndroidManifest.xml:14:13-73
58-->[:expo-document-picker] AndroidManifest.xml:14:23-70
59
60            <data android:mimeType="*/*" />
60-->src/main/AndroidManifest.xml:14:7-37
61        </intent> <!-- Needs to be explicitly declared on Android R+ -->
62        <package android:name="com.google.android.apps.maps" />
62-->[com.google.android.gms:play-services-maps:18.2.0] AndroidManifest.xml:33:9-64
62-->[com.google.android.gms:play-services-maps:18.2.0] AndroidManifest.xml:33:18-61
63    </queries>
64    <!-- Required for picking images from camera directly -->
65    <uses-permission android:name="android.permission.CAMERA" />
65-->[:expo-image-picker] AndroidManifest.xml:8:5-65
65-->[:expo-image-picker] AndroidManifest.xml:8:22-62
66    <uses-permission android:name="android.permission.RECEIVE_BOOT_COMPLETED" />
66-->[:expo-notifications] AndroidManifest.xml:7:5-81
66-->[:expo-notifications] AndroidManifest.xml:7:22-78
67    <uses-permission android:name="android.permission.POST_NOTIFICATIONS" />
67-->[:expo-notifications] AndroidManifest.xml:8:5-77
67-->[:expo-notifications] AndroidManifest.xml:8:22-74
68    <uses-permission android:name="android.permission.ACCESS_NETWORK_STATE" />
68-->[com.google.firebase:firebase-messaging:24.0.1] AndroidManifest.xml:22:5-79
68-->[com.google.firebase:firebase-messaging:24.0.1] AndroidManifest.xml:22:22-76
69    <uses-permission android:name="android.permission.WAKE_LOCK" /> <!-- Required by older versions of Google Play services to create IID tokens -->
69-->[com.google.firebase:firebase-messaging:24.0.1] AndroidManifest.xml:24:5-68
69-->[com.google.firebase:firebase-messaging:24.0.1] AndroidManifest.xml:24:22-65
70    <uses-permission android:name="com.google.android.c2dm.permission.RECEIVE" />
70-->[com.google.firebase:firebase-messaging:24.0.1] AndroidManifest.xml:26:5-82
70-->[com.google.firebase:firebase-messaging:24.0.1] AndroidManifest.xml:26:22-79
71    <uses-permission android:name="android.permission.FOREGROUND_SERVICE" />
71-->[androidx.work:work-runtime:2.7.1] AndroidManifest.xml:28:5-77
71-->[androidx.work:work-runtime:2.7.1] AndroidManifest.xml:28:22-74
72
73    <uses-feature
73-->[com.google.android.gms:play-services-maps:18.2.0] AndroidManifest.xml:26:5-28:35
74        android:glEsVersion="0x00020000"
74-->[com.google.android.gms:play-services-maps:18.2.0] AndroidManifest.xml:27:9-41
75        android:required="true" />
75-->[com.google.android.gms:play-services-maps:18.2.0] AndroidManifest.xml:28:9-32
76
77    <uses-permission android:name="android.permission.USE_BIOMETRIC" /> <!-- suppress DeprecatedClassUsageInspection -->
77-->[androidx.biometric:biometric:1.1.0] AndroidManifest.xml:24:5-72
77-->[androidx.biometric:biometric:1.1.0] AndroidManifest.xml:24:22-69
78    <uses-permission android:name="android.permission.USE_FINGERPRINT" />
78-->[androidx.biometric:biometric:1.1.0] AndroidManifest.xml:27:5-74
78-->[androidx.biometric:biometric:1.1.0] AndroidManifest.xml:27:22-71
79
80    <permission
80-->[androidx.core:core:1.13.1] AndroidManifest.xml:22:5-24:47
81        android:name="com.ac5dconstruction.DYNAMIC_RECEIVER_NOT_EXPORTED_PERMISSION"
81-->[androidx.core:core:1.13.1] AndroidManifest.xml:23:9-81
82        android:protectionLevel="signature" />
82-->[androidx.core:core:1.13.1] AndroidManifest.xml:24:9-44
83
84    <uses-permission android:name="com.ac5dconstruction.DYNAMIC_RECEIVER_NOT_EXPORTED_PERMISSION" />
84-->[androidx.core:core:1.13.1] AndroidManifest.xml:26:5-97
84-->[androidx.core:core:1.13.1] AndroidManifest.xml:26:22-94
85    <uses-permission android:name="com.google.android.finsky.permission.BIND_GET_INSTALL_REFERRER_SERVICE" />
85-->[com.android.installreferrer:installreferrer:2.2] AndroidManifest.xml:9:5-110
85-->[com.android.installreferrer:installreferrer:2.2] AndroidManifest.xml:9:22-107
86    <uses-permission android:name="com.google.android.providers.gsf.permission.READ_GSERVICES" />
86-->[:expo-location$io.nlopez.smartlocation-jetified-aar] AndroidManifest.xml:15:5-98
86-->[:expo-location$io.nlopez.smartlocation-jetified-aar] AndroidManifest.xml:15:22-95
87    <uses-permission android:name="com.google.android.gms.permission.ACTIVITY_RECOGNITION" /> <!-- for android -->
87-->[:expo-location$io.nlopez.smartlocation-jetified-aar] AndroidManifest.xml:16:5-94
87-->[:expo-location$io.nlopez.smartlocation-jetified-aar] AndroidManifest.xml:16:22-91
88    <!-- <uses-permission android:name="com.android.launcher.permission.READ_SETTINGS"/> -->
89    <!-- <uses-permission android:name="com.android.launcher.permission.WRITE_SETTINGS"/> -->
90    <!-- <uses-permission android:name="com.android.launcher.permission.INSTALL_SHORTCUT" /> -->
91    <!-- <uses-permission android:name="com.android.launcher.permission.UNINSTALL_SHORTCUT" /> -->
92    <!-- for Samsung -->
93    <uses-permission android:name="com.sec.android.provider.badge.permission.READ" />
93-->[me.leolin:ShortcutBadger:1.1.22] AndroidManifest.xml:19:5-86
93-->[me.leolin:ShortcutBadger:1.1.22] AndroidManifest.xml:19:22-83
94    <uses-permission android:name="com.sec.android.provider.badge.permission.WRITE" /> <!-- for htc -->
94-->[me.leolin:ShortcutBadger:1.1.22] AndroidManifest.xml:20:5-87
94-->[me.leolin:ShortcutBadger:1.1.22] AndroidManifest.xml:20:22-84
95    <uses-permission android:name="com.htc.launcher.permission.READ_SETTINGS" />
95-->[me.leolin:ShortcutBadger:1.1.22] AndroidManifest.xml:23:5-81
95-->[me.leolin:ShortcutBadger:1.1.22] AndroidManifest.xml:23:22-78
96    <uses-permission android:name="com.htc.launcher.permission.UPDATE_SHORTCUT" /> <!-- for sony -->
96-->[me.leolin:ShortcutBadger:1.1.22] AndroidManifest.xml:24:5-83
96-->[me.leolin:ShortcutBadger:1.1.22] AndroidManifest.xml:24:22-80
97    <uses-permission android:name="com.sonyericsson.home.permission.BROADCAST_BADGE" />
97-->[me.leolin:ShortcutBadger:1.1.22] AndroidManifest.xml:27:5-88
97-->[me.leolin:ShortcutBadger:1.1.22] AndroidManifest.xml:27:22-85
98    <uses-permission android:name="com.sonymobile.home.permission.PROVIDER_INSERT_BADGE" /> <!-- for apex -->
98-->[me.leolin:ShortcutBadger:1.1.22] AndroidManifest.xml:28:5-92
98-->[me.leolin:ShortcutBadger:1.1.22] AndroidManifest.xml:28:22-89
99    <uses-permission android:name="com.anddoes.launcher.permission.UPDATE_COUNT" /> <!-- for solid -->
99-->[me.leolin:ShortcutBadger:1.1.22] AndroidManifest.xml:31:5-84
99-->[me.leolin:ShortcutBadger:1.1.22] AndroidManifest.xml:31:22-81
100    <uses-permission android:name="com.majeur.launcher.permission.UPDATE_BADGE" /> <!-- for huawei -->
100-->[me.leolin:ShortcutBadger:1.1.22] AndroidManifest.xml:34:5-83
100-->[me.leolin:ShortcutBadger:1.1.22] AndroidManifest.xml:34:22-80
101    <uses-permission android:name="com.huawei.android.launcher.permission.CHANGE_BADGE" />
101-->[me.leolin:ShortcutBadger:1.1.22] AndroidManifest.xml:37:5-91
101-->[me.leolin:ShortcutBadger:1.1.22] AndroidManifest.xml:37:22-88
102    <uses-permission android:name="com.huawei.android.launcher.permission.READ_SETTINGS" />
102-->[me.leolin:ShortcutBadger:1.1.22] AndroidManifest.xml:38:5-92
102-->[me.leolin:ShortcutBadger:1.1.22] AndroidManifest.xml:38:22-89
103    <uses-permission android:name="com.huawei.android.launcher.permission.WRITE_SETTINGS" /> <!-- for ZUK -->
103-->[me.leolin:ShortcutBadger:1.1.22] AndroidManifest.xml:39:5-93
103-->[me.leolin:ShortcutBadger:1.1.22] AndroidManifest.xml:39:22-90
104    <uses-permission android:name="android.permission.READ_APP_BADGE" /> <!-- for OPPO -->
104-->[me.leolin:ShortcutBadger:1.1.22] AndroidManifest.xml:42:5-73
104-->[me.leolin:ShortcutBadger:1.1.22] AndroidManifest.xml:42:22-70
105    <uses-permission android:name="com.oppo.launcher.permission.READ_SETTINGS" />
105-->[me.leolin:ShortcutBadger:1.1.22] AndroidManifest.xml:45:5-82
105-->[me.leolin:ShortcutBadger:1.1.22] AndroidManifest.xml:45:22-79
106    <uses-permission android:name="com.oppo.launcher.permission.WRITE_SETTINGS" /> <!-- for EvMe -->
106-->[me.leolin:ShortcutBadger:1.1.22] AndroidManifest.xml:46:5-83
106-->[me.leolin:ShortcutBadger:1.1.22] AndroidManifest.xml:46:22-80
107    <uses-permission android:name="me.everything.badger.permission.BADGE_COUNT_READ" />
107-->[me.leolin:ShortcutBadger:1.1.22] AndroidManifest.xml:49:5-88
107-->[me.leolin:ShortcutBadger:1.1.22] AndroidManifest.xml:49:22-85
108    <uses-permission android:name="me.everything.badger.permission.BADGE_COUNT_WRITE" />
108-->[me.leolin:ShortcutBadger:1.1.22] AndroidManifest.xml:50:5-89
108-->[me.leolin:ShortcutBadger:1.1.22] AndroidManifest.xml:50:22-86
109
110    <application
110-->src/main/AndroidManifest.xml:17:3-36:17
111        android:name="com.android.ac5dconstruction.MainApplication"
111-->src/main/AndroidManifest.xml:17:16-47
112        android:allowBackup="true"
112-->src/main/AndroidManifest.xml:17:162-188
113        android:appComponentFactory="androidx.core.app.CoreComponentFactory"
113-->[androidx.core:core:1.13.1] AndroidManifest.xml:28:18-86
114        android:extractNativeLibs="false"
115        android:icon="@mipmap/ic_launcher"
115-->src/main/AndroidManifest.xml:17:81-115
116        android:label="@string/app_name"
116-->src/main/AndroidManifest.xml:17:48-80
117        android:roundIcon="@mipmap/ic_launcher_round"
117-->src/main/AndroidManifest.xml:17:116-161
118        android:supportsRtl="true"
118-->src/main/AndroidManifest.xml:17:221-247
119        android:theme="@style/AppTheme" >
119-->src/main/AndroidManifest.xml:17:189-220
120        <meta-data
120-->src/main/AndroidManifest.xml:18:5-104
121            android:name="com.google.android.geo.API_KEY"
121-->src/main/AndroidManifest.xml:18:16-61
122            android:value="YOUR_GOOGLE_MAPS_API_KEY" />
122-->src/main/AndroidManifest.xml:18:62-102
123        <meta-data
123-->src/main/AndroidManifest.xml:19:5-83
124            android:name="expo.modules.updates.ENABLED"
124-->src/main/AndroidManifest.xml:19:16-59
125            android:value="false" />
125-->src/main/AndroidManifest.xml:19:60-81
126        <meta-data
126-->src/main/AndroidManifest.xml:20:5-105
127            android:name="expo.modules.updates.EXPO_UPDATES_CHECK_ON_LAUNCH"
127-->src/main/AndroidManifest.xml:20:16-80
128            android:value="ALWAYS" />
128-->src/main/AndroidManifest.xml:20:81-103
129        <meta-data
129-->src/main/AndroidManifest.xml:21:5-99
130            android:name="expo.modules.updates.EXPO_UPDATES_LAUNCH_WAIT_MS"
130-->src/main/AndroidManifest.xml:21:16-79
131            android:value="0" />
131-->src/main/AndroidManifest.xml:21:80-97
132
133        <activity
133-->src/main/AndroidManifest.xml:22:5-34:16
134            android:name="com.android.ac5dconstruction.MainActivity"
134-->src/main/AndroidManifest.xml:22:15-43
135            android:configChanges="keyboard|keyboardHidden|orientation|screenSize|screenLayout|uiMode"
135-->src/main/AndroidManifest.xml:22:44-134
136            android:exported="true"
136-->src/main/AndroidManifest.xml:22:256-279
137            android:launchMode="singleTask"
137-->src/main/AndroidManifest.xml:22:135-166
138            android:screenOrientation="portrait"
138-->src/main/AndroidManifest.xml:22:280-316
139            android:theme="@style/Theme.App.SplashScreen"
139-->src/main/AndroidManifest.xml:22:210-255
140            android:windowSoftInputMode="adjustResize" >
140-->src/main/AndroidManifest.xml:22:167-209
141            <intent-filter>
141-->src/main/AndroidManifest.xml:23:7-26:23
142                <action android:name="android.intent.action.MAIN" />
142-->src/main/AndroidManifest.xml:24:9-60
142-->src/main/AndroidManifest.xml:24:17-58
143
144                <category android:name="android.intent.category.LAUNCHER" />
144-->src/main/AndroidManifest.xml:25:9-68
144-->src/main/AndroidManifest.xml:25:19-66
145            </intent-filter>
146            <intent-filter>
146-->src/main/AndroidManifest.xml:27:7-33:23
147                <action android:name="android.intent.action.VIEW" />
147-->src/main/AndroidManifest.xml:12:7-58
147-->src/main/AndroidManifest.xml:12:15-56
148
149                <category android:name="android.intent.category.DEFAULT" />
149-->src/main/AndroidManifest.xml:29:9-67
149-->src/main/AndroidManifest.xml:29:19-65
150                <category android:name="android.intent.category.BROWSABLE" />
150-->src/main/AndroidManifest.xml:13:7-67
150-->src/main/AndroidManifest.xml:13:17-65
151
152                <data android:scheme="myapp" />
152-->src/main/AndroidManifest.xml:14:7-37
152-->src/main/AndroidManifest.xml:14:13-35
153                <data android:scheme="com.android.ac5dconstruction" />
153-->src/main/AndroidManifest.xml:14:7-37
153-->src/main/AndroidManifest.xml:14:13-35
154            </intent-filter>
155        </activity>
156
157        <uses-library
157-->src/main/AndroidManifest.xml:35:5-83
158            android:name="org.apache.http.legacy"
158-->src/main/AndroidManifest.xml:35:19-56
159            android:required="false" />
159-->src/main/AndroidManifest.xml:35:57-81
160
161        <provider
161-->[:react-native-webview] AndroidManifest.xml:8:9-16:20
162            android:name="com.reactnativecommunity.webview.RNCWebViewFileProvider"
162-->[:react-native-webview] AndroidManifest.xml:9:13-83
163            android:authorities="com.ac5dconstruction.fileprovider"
163-->[:react-native-webview] AndroidManifest.xml:10:13-64
164            android:exported="false"
164-->[:react-native-webview] AndroidManifest.xml:11:13-37
165            android:grantUriPermissions="true" >
165-->[:react-native-webview] AndroidManifest.xml:12:13-47
166            <meta-data
166-->[:react-native-webview] AndroidManifest.xml:13:13-15:63
167                android:name="android.support.FILE_PROVIDER_PATHS"
167-->[:react-native-webview] AndroidManifest.xml:14:17-67
168                android:resource="@xml/file_provider_paths" />
168-->[:react-native-webview] AndroidManifest.xml:15:17-60
169        </provider>
170        <provider
170-->[:react-native-image-picker] AndroidManifest.xml:8:9-16:20
171            android:name="com.imagepicker.ImagePickerProvider"
171-->[:react-native-image-picker] AndroidManifest.xml:9:13-63
172            android:authorities="com.ac5dconstruction.imagepickerprovider"
172-->[:react-native-image-picker] AndroidManifest.xml:10:13-71
173            android:exported="false"
173-->[:react-native-image-picker] AndroidManifest.xml:11:13-37
174            android:grantUriPermissions="true" >
174-->[:react-native-image-picker] AndroidManifest.xml:12:13-47
175            <meta-data
175-->[:react-native-webview] AndroidManifest.xml:13:13-15:63
176                android:name="android.support.FILE_PROVIDER_PATHS"
176-->[:react-native-webview] AndroidManifest.xml:14:17-67
177                android:resource="@xml/imagepicker_provider_paths" />
177-->[:react-native-webview] AndroidManifest.xml:15:17-60
178        </provider>
179        <provider
179-->[:expo-file-system] AndroidManifest.xml:21:9-30:20
180            android:name="expo.modules.filesystem.FileSystemFileProvider"
180-->[:expo-file-system] AndroidManifest.xml:22:13-74
181            android:authorities="com.ac5dconstruction.FileSystemFileProvider"
181-->[:expo-file-system] AndroidManifest.xml:23:13-74
182            android:exported="false"
182-->[:expo-file-system] AndroidManifest.xml:24:13-37
183            android:grantUriPermissions="true" >
183-->[:expo-file-system] AndroidManifest.xml:25:13-47
184            <meta-data
184-->[:react-native-webview] AndroidManifest.xml:13:13-15:63
185                android:name="android.support.FILE_PROVIDER_PATHS"
185-->[:react-native-webview] AndroidManifest.xml:14:17-67
186                android:resource="@xml/file_system_provider_paths" />
186-->[:react-native-webview] AndroidManifest.xml:15:17-60
187        </provider>
188
189        <service
189-->[:expo-image-picker] AndroidManifest.xml:28:9-40:19
190            android:name="com.google.android.gms.metadata.ModuleDependencies"
190-->[:expo-image-picker] AndroidManifest.xml:29:13-78
191            android:enabled="false"
191-->[:expo-image-picker] AndroidManifest.xml:30:13-36
192            android:exported="false" >
192-->[:expo-image-picker] AndroidManifest.xml:31:13-37
193            <intent-filter>
193-->[:expo-image-picker] AndroidManifest.xml:33:13-35:29
194                <action android:name="com.google.android.gms.metadata.MODULE_DEPENDENCIES" />
194-->[:expo-image-picker] AndroidManifest.xml:34:17-94
194-->[:expo-image-picker] AndroidManifest.xml:34:25-91
195            </intent-filter>
196
197            <meta-data
197-->[:expo-image-picker] AndroidManifest.xml:37:13-39:36
198                android:name="photopicker_activity:0:required"
198-->[:expo-image-picker] AndroidManifest.xml:38:17-63
199                android:value="" />
199-->[:expo-image-picker] AndroidManifest.xml:39:17-33
200        </service>
201
202        <activity
202-->[:expo-image-picker] AndroidManifest.xml:42:9-44:59
203            android:name="com.canhub.cropper.CropImageActivity"
203-->[:expo-image-picker] AndroidManifest.xml:43:13-64
204            android:exported="true"
204-->[com.github.CanHub:Android-Image-Cropper:4.3.1] AndroidManifest.xml:35:13-36
205            android:theme="@style/Base.Theme.AppCompat" /> <!-- https://developer.android.com/guide/topics/manifest/provider-element.html -->
205-->[:expo-image-picker] AndroidManifest.xml:44:13-56
206        <provider
206-->[:expo-image-picker] AndroidManifest.xml:46:9-54:20
207            android:name="expo.modules.imagepicker.fileprovider.ImagePickerFileProvider"
207-->[:expo-image-picker] AndroidManifest.xml:47:13-89
208            android:authorities="com.ac5dconstruction.ImagePickerFileProvider"
208-->[:expo-image-picker] AndroidManifest.xml:48:13-75
209            android:exported="false"
209-->[:expo-image-picker] AndroidManifest.xml:49:13-37
210            android:grantUriPermissions="true" >
210-->[:expo-image-picker] AndroidManifest.xml:50:13-47
211            <meta-data
211-->[:react-native-webview] AndroidManifest.xml:13:13-15:63
212                android:name="android.support.FILE_PROVIDER_PATHS"
212-->[:react-native-webview] AndroidManifest.xml:14:17-67
213                android:resource="@xml/image_picker_provider_paths" />
213-->[:react-native-webview] AndroidManifest.xml:15:17-60
214        </provider>
215
216        <service
216-->[:expo-location] AndroidManifest.xml:11:9-14:56
217            android:name="expo.modules.location.services.LocationTaskService"
217-->[:expo-location] AndroidManifest.xml:12:13-78
218            android:exported="false"
218-->[:expo-location] AndroidManifest.xml:13:13-37
219            android:foregroundServiceType="location" />
219-->[:expo-location] AndroidManifest.xml:14:13-53
220        <service
220-->[:expo-notifications] AndroidManifest.xml:11:9-17:19
221            android:name="expo.modules.notifications.service.ExpoFirebaseMessagingService"
221-->[:expo-notifications] AndroidManifest.xml:12:13-91
222            android:exported="false" >
222-->[:expo-notifications] AndroidManifest.xml:13:13-37
223            <intent-filter android:priority="-1" >
223-->[:expo-notifications] AndroidManifest.xml:14:13-16:29
223-->[:expo-notifications] AndroidManifest.xml:14:28-49
224                <action android:name="com.google.firebase.MESSAGING_EVENT" />
224-->[:expo-notifications] AndroidManifest.xml:15:17-78
224-->[:expo-notifications] AndroidManifest.xml:15:25-75
225            </intent-filter>
226        </service>
227
228        <receiver
228-->[:expo-notifications] AndroidManifest.xml:19:9-31:20
229            android:name="expo.modules.notifications.service.NotificationsService"
229-->[:expo-notifications] AndroidManifest.xml:20:13-83
230            android:enabled="true"
230-->[:expo-notifications] AndroidManifest.xml:21:13-35
231            android:exported="false" >
231-->[:expo-notifications] AndroidManifest.xml:22:13-37
232            <intent-filter android:priority="-1" >
232-->[:expo-notifications] AndroidManifest.xml:23:13-30:29
232-->[:expo-notifications] AndroidManifest.xml:23:28-49
233                <action android:name="expo.modules.notifications.NOTIFICATION_EVENT" />
233-->[:expo-notifications] AndroidManifest.xml:24:17-88
233-->[:expo-notifications] AndroidManifest.xml:24:25-85
234                <action android:name="android.intent.action.BOOT_COMPLETED" />
234-->[:expo-notifications] AndroidManifest.xml:25:17-79
234-->[:expo-notifications] AndroidManifest.xml:25:25-76
235                <action android:name="android.intent.action.REBOOT" />
235-->[:expo-notifications] AndroidManifest.xml:26:17-71
235-->[:expo-notifications] AndroidManifest.xml:26:25-68
236                <action android:name="android.intent.action.QUICKBOOT_POWERON" />
236-->[:expo-notifications] AndroidManifest.xml:27:17-82
236-->[:expo-notifications] AndroidManifest.xml:27:25-79
237                <action android:name="com.htc.intent.action.QUICKBOOT_POWERON" />
237-->[:expo-notifications] AndroidManifest.xml:28:17-82
237-->[:expo-notifications] AndroidManifest.xml:28:25-79
238                <action android:name="android.intent.action.MY_PACKAGE_REPLACED" />
238-->[:expo-notifications] AndroidManifest.xml:29:17-84
238-->[:expo-notifications] AndroidManifest.xml:29:25-81
239            </intent-filter>
240        </receiver>
241
242        <activity
242-->[:expo-notifications] AndroidManifest.xml:33:9-40:75
243            android:name="expo.modules.notifications.service.NotificationForwarderActivity"
243-->[:expo-notifications] AndroidManifest.xml:34:13-92
244            android:excludeFromRecents="true"
244-->[:expo-notifications] AndroidManifest.xml:35:13-46
245            android:exported="false"
245-->[:expo-notifications] AndroidManifest.xml:36:13-37
246            android:launchMode="standard"
246-->[:expo-notifications] AndroidManifest.xml:37:13-42
247            android:noHistory="true"
247-->[:expo-notifications] AndroidManifest.xml:38:13-37
248            android:taskAffinity=""
248-->[:expo-notifications] AndroidManifest.xml:39:13-36
249            android:theme="@android:style/Theme.Translucent.NoTitleBar" />
249-->[:expo-notifications] AndroidManifest.xml:40:13-72
250
251        <meta-data
251-->[:expo-modules-core] AndroidManifest.xml:9:9-11:89
252            android:name="org.unimodules.core.AppLoader#react-native-headless"
252-->[:expo-modules-core] AndroidManifest.xml:10:13-79
253            android:value="expo.modules.adapters.react.apploader.RNHeadlessAppLoader" />
253-->[:expo-modules-core] AndroidManifest.xml:11:13-86
254        <meta-data
254-->[:expo-modules-core] AndroidManifest.xml:12:9-15:45
255            android:name="com.facebook.soloader.enabled"
255-->[:expo-modules-core] AndroidManifest.xml:13:13-57
256            android:value="true" />
256-->[:expo-modules-core] AndroidManifest.xml:14:13-33
257
258        <provider
258-->[com.github.CanHub:Android-Image-Cropper:4.3.1] AndroidManifest.xml:23:9-31:20
259            android:name="com.canhub.cropper.CropFileProvider"
259-->[com.github.CanHub:Android-Image-Cropper:4.3.1] AndroidManifest.xml:24:13-63
260            android:authorities="com.ac5dconstruction.cropper.fileprovider"
260-->[com.github.CanHub:Android-Image-Cropper:4.3.1] AndroidManifest.xml:25:13-72
261            android:exported="false"
261-->[com.github.CanHub:Android-Image-Cropper:4.3.1] AndroidManifest.xml:26:13-37
262            android:grantUriPermissions="true" >
262-->[com.github.CanHub:Android-Image-Cropper:4.3.1] AndroidManifest.xml:27:13-47
263            <meta-data
263-->[:react-native-webview] AndroidManifest.xml:13:13-15:63
264                android:name="android.support.FILE_PROVIDER_PATHS"
264-->[:react-native-webview] AndroidManifest.xml:14:17-67
265                android:resource="@xml/library_file_paths" />
265-->[:react-native-webview] AndroidManifest.xml:15:17-60
266        </provider>
267
268        <receiver
268-->[com.google.firebase:firebase-messaging:24.0.1] AndroidManifest.xml:29:9-40:20
269            android:name="com.google.firebase.iid.FirebaseInstanceIdReceiver"
269-->[com.google.firebase:firebase-messaging:24.0.1] AndroidManifest.xml:30:13-78
270            android:exported="true"
270-->[com.google.firebase:firebase-messaging:24.0.1] AndroidManifest.xml:31:13-36
271            android:permission="com.google.android.c2dm.permission.SEND" >
271-->[com.google.firebase:firebase-messaging:24.0.1] AndroidManifest.xml:32:13-73
272            <intent-filter>
272-->[com.google.firebase:firebase-messaging:24.0.1] AndroidManifest.xml:33:13-35:29
273                <action android:name="com.google.android.c2dm.intent.RECEIVE" />
273-->[com.google.firebase:firebase-messaging:24.0.1] AndroidManifest.xml:34:17-81
273-->[com.google.firebase:firebase-messaging:24.0.1] AndroidManifest.xml:34:25-78
274            </intent-filter>
275
276            <meta-data
276-->[com.google.firebase:firebase-messaging:24.0.1] AndroidManifest.xml:37:13-39:40
277                android:name="com.google.android.gms.cloudmessaging.FINISHED_AFTER_HANDLED"